<?xml version="1.0" encoding="UTF-8"?>
<!-- Generated by org.testng.reporters.JUnitReportReporter -->
<testsuite hostname="usnycpww4300" name="brand.charmin.CharminGalaxyS3AddCart" tests="1" failures="1" timestamp="17 Mar 2015 12:50:46 GMT" time="0.507" errors="0">
  <testcase name="testGoogle" time="0.507" classname="brand.charmin.CharminGalaxyS3AddCart">
    <failure type="java.lang.NullPointerException">
      <![CDATA[java.lang.NullPointerException
	at java.io.FileInputStream.<init>(FileInputStream.java:138)
	at java.io.FileInputStream.<init>(FileInputStream.java:101)
	at java.io.FileReader.<init>(FileReader.java:58)
	at brand.charmin.CharminGalaxyS3AddCart.testGoogle(CharminGalaxyS3AddCart.java:54)
	at sun.reflect.NativeMethodAccessorImpl.invoke0(Native Method)
	at java.lang.reflect.Method.invoke(Method.java:606)
]]>
    </failure>
  </testcase> <!-- testGoogle -->
</testsuite> <!-- brand.charmin.CharminGalaxyS3AddCart -->
