<?xml version="1.0" encoding="UTF-8"?>
<!-- Generated by org.testng.reporters.JUnitReportReporter -->
<testsuite hostname="usnycpww4300" name="mobile.test.OneTest" tests="1" failures="0" timestamp="20 Mar 2015 15:59:13 GMT" time="14.174" errors="0">
  <testcase name="testGoogle" time="14.174" classname="mobile.test.OneTest"/>
</testsuite> <!-- mobile.test.OneTest -->
