<?xml version="1.0" encoding="UTF-8"?>
<!-- Generated by org.testng.reporters.JUnitReportReporter -->
<testsuite hostname="usnycpww4300" name="mobile.test.OneTest" tests="1" failures="1" timestamp="20 Apr 2015 18:57:51 GMT" time="5.999" errors="0">
  <testcase name="testGoogle" time="5.999" classname="mobile.test.OneTest">
    <failure type="org.openqa.selenium.WebDriverException" message="java.lang.Double cannot be cast to java.lang.Long
Command duration or timeout: 323 milliseconds
Build info: version: &#039;2.37.0&#039;, revision: &#039;a7c61cbd68657e133ae96672cf995890bad2ee42&#039;, time: &#039;2013-10-18 09:51:02&#039;
System info: host: &#039;usnycpww4300&#039;, ip: &#039;10.6.6.142&#039;, os.name: &#039;Mac OS X&#039;, os.arch: &#039;x86_64&#039;, os.version: &#039;10.9.5&#039;, java.version: &#039;1.7.0_51&#039;
Session ID: 762114cd-9745-40c4-a991-263dc2f8d6c4
Driver info: org.openqa.selenium.android.AndroidDriver
Capabilities [{platform=ANDROID, acceptSslCerts=true, javascriptEnabled=true, handlesAlerts=true, browserName=android, browserConnectionEnabled=true, webStorageEnabled=true, hasTouchScreen=true, rotatable=true, locationContextEnabled=true, applicationCacheEnabled=true, webdriver.remote.sessionid=762114cd-9745-40c4-a991-263dc2f8d6c4, takesScreenshot=true, version=19}]">
      <![CDATA[org.openqa.selenium.WebDriverException: java.lang.Double cannot be cast to java.lang.Long
Command duration or timeout: 323 milliseconds
Build info: version: '2.37.0', revision: 'a7c61cbd68657e133ae96672cf995890bad2ee42', time: '2013-10-18 09:51:02'
System info: host: 'usnycpww4300', ip: '10.6.6.142', os.name: 'Mac OS X', os.arch: 'x86_64', os.version: '10.9.5', java.version: '1.7.0_51'
Session ID: 762114cd-9745-40c4-a991-263dc2f8d6c4
Driver info: org.openqa.selenium.android.AndroidDriver
Capabilities [{platform=ANDROID, acceptSslCerts=true, javascriptEnabled=true, handlesAlerts=true, browserName=android, browserConnectionEnabled=true, webStorageEnabled=true, hasTouchScreen=true, rotatable=true, locationContextEnabled=true, applicationCacheEnabled=true, webdriver.remote.sessionid=762114cd-9745-40c4-a991-263dc2f8d6c4, takesScreenshot=true, version=19}]
	at sun.reflect.NativeConstructorAccessorImpl.newInstance0(Native Method)
	at java.lang.reflect.Constructor.newInstance(Constructor.java:526)
	at org.openqa.selenium.remote.ErrorHandler.createThrowable(ErrorHandler.java:193)
	at org.openqa.selenium.remote.ErrorHandler.throwIfResponseFailed(ErrorHandler.java:145)
	at org.openqa.selenium.remote.RemoteWebDriver.execute(RemoteWebDriver.java:554)
	at org.openqa.selenium.remote.RemoteWebElement.execute(RemoteWebElement.java:268)
	at org.openqa.selenium.remote.RemoteWebElement.click(RemoteWebElement.java:79)
	at mobile.test.OneTest.testGoogle(OneTest.java:31)
	at sun.reflect.NativeMethodAccessorImpl.invoke0(Native Method)
	at java.lang.reflect.Method.invoke(Method.java:606)
Caused by: java.lang.ClassCastException: java.lang.Double cannot be cast to java.lang.Long
	at sun.reflect.NativeConstructorAccessorImpl.newInstance0(Native Method)
	at java.lang.reflect.Constructor.newInstance(Constructor.java:526)
	at org.openqa.selenium.remote.ErrorHandler.createThrowable(ErrorHandler.java:193)
	at org.openqa.selenium.remote.ErrorHandler.rebuildServerError(ErrorHandler.java:227)
	at org.openqa.selenium.remote.ErrorHandler.throwIfResponseFailed(ErrorHandler.java:107)
	... 6 more
]]>
    </failure>
  </testcase> <!-- testGoogle -->
</testsuite> <!-- mobile.test.OneTest -->
